{
  "RSpec": {
    "coverage": {
      "C:/Users/Asus/Documents/Ingenieria de Software/Ultimo_Examen/spec/saludador_spec.rb": {
        "lines": [
          1,
          null,
          1,
          1,
          1,
          1,
          null,
          null
        ]
      },
      "C:/Users/Asus/Documents/Ingenieria de Software/Ultimo_Examen/lib/temp.rb": {
        "lines": [
          1,
          1,
          1,
          null,
          null
        ]
      }
    },
    "timestamp": 1606794197
  },
  "Cucumber Features": {
    "coverage": {
      "C:/Users/Asus/Documents/Ingenieria de Software/Ultimo_Examen/app.rb": {
        "lines": [

        ]
      }
    },
    "timestamp": 1606794142
  }
}
